#
# There is insufficient memory for the Java Runtime Environment to continue.
# Native memory allocation (mmap) failed to map 65536 bytes for Failed to commit metaspace.
# Possible reasons:
#   The system is out of physical RAM or swap space
#   The process is running with CompressedOops enabled, and the Java Heap may be blocking the growth of the native heap
# Possible solutions:
#   Reduce memory load on the system
#   Increase physical memory or swap space
#   Check if swap backing store is full
#   Decrease Java heap size (-Xmx/-Xms)
#   Decrease number of Java threads
#   Decrease Java thread stack sizes (-Xss)
#   Set larger code cache with -XX:ReservedCodeCacheSize=
#   JVM is running with Unscaled Compressed Oops mode in which the Java heap is
#     placed in the first 4GB address space. The Java Heap base address is the
#     maximum limit for the native heap growth. Please use -XX:HeapBaseMinAddress
#     to set the Java Heap base and to place the Java Heap above 4GB virtual address.
# This output file may be truncated or incomplete.
#
#  Out of Memory Error (virtualSpaceNode.cpp:110), pid=14984, tid=101208
#
# JRE version: OpenJDK Runtime Environment Temurin-17.0.8.1+1 (17.0.8.1+1) (build 17.0.8.1+1)
# Java VM: OpenJDK 64-Bit Server VM Temurin-17.0.8.1+1 (17.0.8.1+1, mixed mode, tiered, compressed oops, compressed class ptrs, parallel gc, windows-amd64)
# No core dump will be written. Minidumps are not enabled by default on client versions of Windows
#

---------------  S U M M A R Y ------------

Command Line: --add-modules=ALL-SYSTEM --add-opens=java.base/java.util=ALL-UNNAMED --add-opens=java.base/java.lang=ALL-UNNAMED --add-opens=java.base/sun.nio.fs=ALL-UNNAMED -Declipse.application=org.eclipse.jdt.ls.core.id1 -Dosgi.bundles.defaultStartLevel=4 -Declipse.product=org.eclipse.jdt.ls.core.product -Djava.import.generatesMetadataFilesAtProjectRoot=false -Dfile.encoding=utf8 -XX:+UseParallelGC -XX:GCTimeRatio=4 -XX:AdaptiveSizePolicyWeight=90 -Dsun.zip.disableMemoryMapping=true -Xmx1G -Xms100m -Xlog:disable -javaagent:c:\Users\ribeivi\.vscode\extensions\redhat.java-1.22.1-win32-x64\lombok\lombok-1.18.28.jar -XX:+HeapDumpOnOutOfMemoryError -XX:HeapDumpPath=c:\Users\ribeivi\AppData\Roaming\Code\User\workspaceStorage\f2060fafff3dc1c8a6f4397f4f6fa7f9\redhat.java -Daether.dependencyCollector.impl=bf c:\Users\ribeivi\.vscode\extensions\redhat.java-1.22.1-win32-x64\server\plugins\org.eclipse.equinox.launcher_1.6.500.v20230717-2134.jar -configuration c:\Users\ribeivi\AppData\Roaming\Code\User\globalStorage\redhat.java\1.22.1\config_win -data c:\Users\ribeivi\AppData\Roaming\Code\User\workspaceStorage\f2060fafff3dc1c8a6f4397f4f6fa7f9\redhat.java\jdt_ws

Host: 12th Gen Intel(R) Core(TM) i5-1245U, 12 cores, 15G,  Windows 10 , 64 bit Build 19041 (10.0.19041.3155)
Time: Wed Sep 20 13:38:23 2023 E. South America Standard Time elapsed time: 0.926577 seconds (0d 0h 0m 0s)

---------------  T H R E A D  ---------------

Current thread (0x000002a09ce8bef0):  JavaThread "main" [_thread_in_vm, id=101208, stack(0x000000c3c8900000,0x000000c3c8a00000)]

Stack: [0x000000c3c8900000,0x000000c3c8a00000]
Native frames: (J=compiled Java code, j=interpreted, Vv=VM code, C=native code)
V  [jvm.dll+0x678b0a]
V  [jvm.dll+0x835e84]
V  [jvm.dll+0x83762e]
V  [jvm.dll+0x837c93]
V  [jvm.dll+0x24746f]
V  [jvm.dll+0x831f1b]
V  [jvm.dll+0x61d3c6]
V  [jvm.dll+0x61d42a]
V  [jvm.dll+0x61fc5a]
V  [jvm.dll+0x61dd66]
V  [jvm.dll+0x23b9ff]
V  [jvm.dll+0x627c05]
V  [jvm.dll+0x1eb90b]
V  [jvm.dll+0x1ebe45]
V  [jvm.dll+0x1ec87f]
V  [jvm.dll+0x1e1d21]
V  [jvm.dll+0x53fba0]
V  [jvm.dll+0x1f2607]
V  [jvm.dll+0x7b06ab]
V  [jvm.dll+0x7b1a52]
V  [jvm.dll+0x7b1d88]
V  [jvm.dll+0x23f76e]
V  [jvm.dll+0x3818fe]
C  0x000002a0a701ae1b

Java frames: (J=compiled Java code, j=interpreted, Vv=VM code)
j  sun.security.util.DerValue.getTimeInternal(Z)Ljava/util/Date;+1352 java.base@17.0.8.1
j  sun.security.util.DerValue.getUTCTime()Ljava/util/Date;+95 java.base@17.0.8.1
j  sun.security.util.DerInputStream.getUTCTime()Ljava/util/Date;+4 java.base@17.0.8.1
j  sun.security.x509.CertificateValidity.construct(Lsun/security/util/DerValue;)V+89 java.base@17.0.8.1
j  sun.security.x509.CertificateValidity.<init>(Lsun/security/util/DerInputStream;)V+11 java.base@17.0.8.1
j  sun.security.x509.X509CertInfo.parse(Lsun/security/util/DerValue;)V+126 java.base@17.0.8.1
j  sun.security.x509.X509CertInfo.<init>(Lsun/security/util/DerValue;)V+67 java.base@17.0.8.1
j  sun.security.x509.X509CertImpl.parse(Lsun/security/util/DerValue;)V+228 java.base@17.0.8.1
j  sun.security.x509.X509CertImpl.<init>([B)V+50 java.base@17.0.8.1
j  sun.security.provider.X509Factory.engineGenerateCertificate(Ljava/io/InputStream;)Ljava/security/cert/Certificate;+54 java.base@17.0.8.1
j  java.security.cert.CertificateFactory.generateCertificate(Ljava/io/InputStream;)Ljava/security/cert/Certificate;+5 java.base@17.0.8.1
j  sun.security.pkcs.PKCS7.parseSignedData(Lsun/security/util/DerValue;)V+264 java.base@17.0.8.1
j  sun.security.pkcs.PKCS7.parse(Lsun/security/util/DerInputStream;Z)V+40 java.base@17.0.8.1
j  sun.security.pkcs.PKCS7.parse(Lsun/security/util/DerInputStream;)V+11 java.base@17.0.8.1
j  sun.security.pkcs.PKCS7.<init>([B)V+50 java.base@17.0.8.1
j  sun.security.util.SignatureFileVerifier.<init>(Ljava/util/ArrayList;Lsun/security/util/ManifestDigester;Ljava/lang/String;[B)V+40 java.base@17.0.8.1
j  java.util.jar.JarVerifier.processEntry(Lsun/security/util/ManifestEntryVerifier;)V+322 java.base@17.0.8.1
j  java.util.jar.JarVerifier.update(I[BIILsun/security/util/ManifestEntryVerifier;)V+39 java.base@17.0.8.1
j  java.util.jar.JarFile.initializeVerifier()V+163 java.base@17.0.8.1
j  java.util.jar.JarFile.ensureInitialization()V+41 java.base@17.0.8.1
j  java.util.jar.JavaUtilJarAccessImpl.ensureInitialization(Ljava/util/jar/JarFile;)V+1 java.base@17.0.8.1
j  jdk.internal.loader.URLClassPath$JarLoader$2.getManifest()Ljava/util/jar/Manifest;+10 java.base@17.0.8.1
j  jdk.internal.loader.BuiltinClassLoader.defineClass(Ljava/lang/String;Ljdk/internal/loader/Resource;)Ljava/lang/Class;+29 java.base@17.0.8.1
j  jdk.internal.loader.BuiltinClassLoader.findClassOnClassPathOrNull(Ljava/lang/String;)Ljava/lang/Class;+37 java.base@17.0.8.1
j  jdk.internal.loader.BuiltinClassLoader.loadClassOrNull(Ljava/lang/String;Z)Ljava/lang/Class;+111 java.base@17.0.8.1
j  jdk.internal.loader.BuiltinClassLoader.loadClass(Ljava/lang/String;Z)Ljava/lang/Class;+3 java.base@17.0.8.1
j  jdk.internal.loader.ClassLoaders$AppClassLoader.loadClass(Ljava/lang/String;Z)Ljava/lang/Class;+36 java.base@17.0.8.1
j  java.lang.ClassLoader.loadClass(Ljava/lang/String;)Ljava/lang/Class;+3 java.base@17.0.8.1
v  ~StubRoutines::call_stub
j  java.lang.Class.forName0(Ljava/lang/String;ZLjava/lang/ClassLoader;Ljava/lang/Class;)Ljava/lang/Class;+0 java.base@17.0.8.1
j  java.lang.Class.forName(Ljava/lang/String;ZLjava/lang/ClassLoader;)Ljava/lang/Class;+43 java.base@17.0.8.1
j  sun.launcher.LauncherHelper.loadMainClass(ILjava/lang/String;)Ljava/lang/Class;+95 java.base@17.0.8.1
j  sun.launcher.LauncherHelper.checkAndLoadMain(ZILjava/lang/String;)Ljava/lang/Class;+42 java.base@17.0.8.1
v  ~StubRoutines::call_stub

---------------  P R O C E S S  ---------------

Threads class SMR info:
_java_thread_list=0x000002a0b751bc70, length=12, elements={
0x000002a09ce8bef0, 0x000002a0b5b78740, 0x000002a0b0cb8d80, 0x000002a0b5b8d700,
0x000002a0b5b8e0d0, 0x000002a0b5b8e9a0, 0x000002a0b5b97750, 0x000002a0b5b97f60,
0x000002a0b5b9b0d0, 0x000002a0b5ba0120, 0x000002a09ceede90, 0x000002a0b5e92c20
}

Java Threads: ( => current thread )
=>0x000002a09ce8bef0 JavaThread "main" [_thread_in_vm, id=101208, stack(0x000000c3c8900000,0x000000c3c8a00000)]
  0x000002a0b5b78740 JavaThread "Reference Handler" daemon [_thread_blocked, id=98680, stack(0x000000c3c8c00000,0x000000c3c8d00000)]
  0x000002a0b0cb8d80 JavaThread "Finalizer" daemon [_thread_blocked, id=100252, stack(0x000000c3c8d00000,0x000000c3c8e00000)]
  0x000002a0b5b8d700 JavaThread "Signal Dispatcher" daemon [_thread_blocked, id=31476, stack(0x000000c3c8e00000,0x000000c3c8f00000)]
  0x000002a0b5b8e0d0 JavaThread "Attach Listener" daemon [_thread_blocked, id=86592, stack(0x000000c3c8f00000,0x000000c3c9000000)]
  0x000002a0b5b8e9a0 JavaThread "Service Thread" daemon [_thread_blocked, id=14648, stack(0x000000c3c9000000,0x000000c3c9100000)]
  0x000002a0b5b97750 JavaThread "Monitor Deflation Thread" daemon [_thread_blocked, id=14272, stack(0x000000c3c9100000,0x000000c3c9200000)]
  0x000002a0b5b97f60 JavaThread "C2 CompilerThread0" daemon [_thread_blocked, id=2876, stack(0x000000c3c9200000,0x000000c3c9300000)]
  0x000002a0b5b9b0d0 JavaThread "C1 CompilerThread0" daemon [_thread_blocked, id=44624, stack(0x000000c3c9300000,0x000000c3c9400000)]
  0x000002a0b5ba0120 JavaThread "Sweeper thread" daemon [_thread_blocked, id=65952, stack(0x000000c3c9400000,0x000000c3c9500000)]
  0x000002a09ceede90 JavaThread "Common-Cleaner" daemon [_thread_blocked, id=24852, stack(0x000000c3c9500000,0x000000c3c9600000)]
  0x000002a0b5e92c20 JavaThread "Notification Thread" daemon [_thread_blocked, id=101112, stack(0x000000c3c9600000,0x000000c3c9700000)]

Other Threads:
  0x000002a0b5b65100 VMThread "VM Thread" [stack: 0x000000c3c8b00000,0x000000c3c8c00000] [id=21352]
  0x000002a0b5e93100 WatcherThread [stack: 0x000000c3c9700000,0x000000c3c9800000] [id=81132]
  0x000002a09cea02a0 GCTaskThread "GC Thread#0" [stack: 0x000000c3c8a00000,0x000000c3c8b00000] [id=37256]

Threads with active compile tasks:

VM state: not at safepoint (normal execution)

VM Mutex/Monitor currently owned by a thread:  ([mutex/lock_event])
[0x000002a09a92e8f0] Metaspace_lock - owner thread: 0x000002a09ce8bef0

Heap address: 0x00000000c0000000, size: 1024 MB, Compressed Oops mode: 32-bit

CDS archive(s) not mapped
Compressed class space mapped at: 0x0000000100000000-0x0000000140000000, reserved size: 1073741824
Narrow klass base: 0x0000000000000000, Narrow klass shift: 3, Narrow klass range: 0x140000000

GC Precious Log:
 CPUs: 12 total, 12 available
 Memory: 16051M
 Large Page Support: Disabled
 NUMA Support: Disabled
 Compressed Oops: Enabled (32-bit)
 Alignments: Space 512K, Generation 512K, Heap 2M
 Heap Min Capacity: 100M
 Heap Initial Capacity: 100M
 Heap Max Capacity: 1G
 Pre-touch: Disabled
 Parallel Workers: 10

Heap:
 PSYoungGen      total 29696K, used 8818K [0x00000000eab00000, 0x00000000ecc00000, 0x0000000100000000)
  eden space 25600K, 34% used [0x00000000eab00000,0x00000000eb39c900,0x00000000ec400000)
  from space 4096K, 0% used [0x00000000ec800000,0x00000000ec800000,0x00000000ecc00000)
  to   space 4096K, 0% used [0x00000000ec400000,0x00000000ec400000,0x00000000ec800000)
 ParOldGen       total 68608K, used 0K [0x00000000c0000000, 0x00000000c4300000, 0x00000000eab00000)
  object space 68608K, 0% used [0x00000000c0000000,0x00000000c0000000,0x00000000c4300000)
 Metaspace       used 7078K, committed 7168K, reserved 1114112K
  class space    used 687K, committed 768K, reserved 1048576K

Card table byte_map: [0x000002a09c820000,0x000002a09ca30000] _byte_map_base: 0x000002a09c220000

Marking Bits: (ParMarkBitMap*) 0x00007ffeaf6d83a0
 Begin Bits: [0x000002a0aead0000, 0x000002a0afad0000)
 End Bits:   [0x000002a0afad0000, 0x000002a0b0ad0000)

Polling page: 0x000002a09c610000

Metaspace:

Usage:
  Non-class:      6.24 MB used.
      Class:    687.77 KB used.
       Both:      6.91 MB used.

Virtual space:
  Non-class space:       64.00 MB reserved,       6.25 MB ( 10%) committed,  1 nodes.
      Class space:        1.00 GB reserved,     768.00 KB ( <1%) committed,  1 nodes.
             Both:        1.06 GB reserved,       7.00 MB ( <1%) committed. 

Chunk freelists:
   Non-Class:  9.00 MB
       Class:  15.22 MB
        Both:  24.22 MB

MaxMetaspaceSize: unlimited
CompressedClassSpaceSize: 1.00 GB
Initial GC threshold: 21.00 MB
Current GC threshold: 21.00 MB
CDS: off
MetaspaceReclaimPolicy: balanced
 - commit_granule_bytes: 65536.
 - commit_granule_words: 8192.
 - virtual_space_node_default_size: 8388608.
 - enlarge_chunks_in_place: 1.
 - new_chunks_are_fully_committed: 0.
 - uncommit_free_chunks: 1.
 - use_allocation_guard: 0.
 - handle_deallocations: 1.


Internal statistics:

num_allocs_failed_limit: 0.
num_arena_births: 10.
num_arena_deaths: 0.
num_vsnodes_births: 2.
num_vsnodes_deaths: 0.
num_space_committed: 112.
num_space_uncommitted: 0.
num_chunks_returned_to_freelist: 0.
num_chunks_taken_from_freelist: 37.
num_chunk_merges: 0.
num_chunk_splits: 21.
num_chunks_enlarged: 16.
num_inconsistent_stats: 0.

CodeHeap 'non-profiled nmethods': size=120000Kb used=129Kb max_used=129Kb free=119871Kb
 bounds [0x000002a0a75a0000, 0x000002a0a7810000, 0x000002a0aead0000]
CodeHeap 'profiled nmethods': size=120000Kb used=568Kb max_used=568Kb free=119431Kb
 bounds [0x000002a09fad0000, 0x000002a09fd40000, 0x000002a0a7000000]
CodeHeap 'non-nmethods': size=5760Kb used=1105Kb max_used=1120Kb free=4655Kb
 bounds [0x000002a0a7000000, 0x000002a0a7270000, 0x000002a0a75a0000]
 total_blobs=818 nmethods=432 adapters=301
 compilation: enabled
              stopped_count=0, restarted_count=0
 full_count=0

Compilation events (20 events):
Event: 0.915 Thread 0x000002a0b5b9b0d0  423       3       java.lang.Integer::parseInt (264 bytes)
Event: 0.915 Thread 0x000002a0b5b97f60 nmethod 421 0x000002a0a75be590 code [0x000002a0a75be720, 0x000002a0a75be808]
Event: 0.916 Thread 0x000002a0b5b9b0d0 nmethod 423 0x000002a09fb5a590 code [0x000002a09fb5aa20, 0x000002a09fb5c7d8]
Event: 0.916 Thread 0x000002a0b5b9b0d0  424       3       java.lang.Integer::parseInt (7 bytes)
Event: 0.916 Thread 0x000002a0b5b9b0d0 nmethod 424 0x000002a09fb5d410 code [0x000002a09fb5d5a0, 0x000002a09fb5d6c8]
Event: 0.916 Thread 0x000002a0b5b9b0d0  425       1       sun.instrument.TransformerManager::getSnapshotTransformerList (5 bytes)
Event: 0.917 Thread 0x000002a0b5b9b0d0 nmethod 425 0x000002a0a75be910 code [0x000002a0a75beaa0, 0x000002a0a75beb78]
Event: 0.917 Thread 0x000002a0b5b9b0d0  426       1       sun.instrument.TransformerManager$TransformerInfo::transformer (5 bytes)
Event: 0.917 Thread 0x000002a0b5b9b0d0 nmethod 426 0x000002a0a75bec10 code [0x000002a0a75beda0, 0x000002a0a75bee78]
Event: 0.918 Thread 0x000002a0b5b97f60  427       4       java.util.Collections$UnmodifiableCollection$1::hasNext (10 bytes)
Event: 0.919 Thread 0x000002a0b5b97f60 nmethod 427 0x000002a0a75bef10 code [0x000002a0a75bf0a0, 0x000002a0a75bf158]
Event: 0.919 Thread 0x000002a0b5b97f60  428       4       java.util.ArrayList$Itr::hasNext (20 bytes)
Event: 0.919 Thread 0x000002a0b5b97f60 nmethod 428 0x000002a0a75bf210 code [0x000002a0a75bf380, 0x000002a0a75bf418]
Event: 0.919 Thread 0x000002a0b5b97f60  429       4       java.util.HashMap$HashIterator::<init> (79 bytes)
Event: 0.920 Thread 0x000002a0b5b9b0d0  431       3       sun.security.util.ObjectIdentifier::pack7Oid (84 bytes)
Event: 0.920 Thread 0x000002a0b5b9b0d0 nmethod 431 0x000002a09fb5d790 code [0x000002a09fb5d960, 0x000002a09fb5dcb8]
Event: 0.920 Thread 0x000002a0b5b9b0d0  430       3       sun.security.util.ObjectIdentifier::pack7Oid (42 bytes)
Event: 0.920 Thread 0x000002a0b5b9b0d0 nmethod 430 0x000002a09fb5de90 code [0x000002a09fb5e040, 0x000002a09fb5e228]
Event: 0.923 Thread 0x000002a0b5b97f60 nmethod 429 0x000002a0a75bf510 code [0x000002a0a75bf6a0, 0x000002a0a75bf978]
Event: 0.924 Thread 0x000002a0b5b97f60  432       4       java.lang.String::replace (42 bytes)

GC Heap History (0 events):
No events

Dll operation events (8 events):
Event: 0.032 Loaded shared library c:\Users\ribeivi\.vscode\extensions\redhat.java-1.22.1-win32-x64\jre\17.0.8.1-win32-x86_64\bin\java.dll
Event: 0.291 Loaded shared library c:\Users\ribeivi\.vscode\extensions\redhat.java-1.22.1-win32-x64\jre\17.0.8.1-win32-x86_64\bin\zip.dll
Event: 0.298 Loaded shared library C:\Users\ribeivi\.vscode\extensions\redhat.java-1.22.1-win32-x64\jre\17.0.8.1-win32-x86_64\bin\instrument.dll
Event: 0.343 Loaded shared library C:\Users\ribeivi\.vscode\extensions\redhat.java-1.22.1-win32-x64\jre\17.0.8.1-win32-x86_64\bin\net.dll
Event: 0.347 Loaded shared library C:\Users\ribeivi\.vscode\extensions\redhat.java-1.22.1-win32-x64\jre\17.0.8.1-win32-x86_64\bin\nio.dll
Event: 0.370 Loaded shared library C:\Users\ribeivi\.vscode\extensions\redhat.java-1.22.1-win32-x64\jre\17.0.8.1-win32-x86_64\bin\zip.dll
Event: 0.388 Loaded shared library C:\Users\ribeivi\.vscode\extensions\redhat.java-1.22.1-win32-x64\jre\17.0.8.1-win32-x86_64\bin\jimage.dll
Event: 0.560 Loaded shared library c:\Users\ribeivi\.vscode\extensions\redhat.java-1.22.1-win32-x64\jre\17.0.8.1-win32-x86_64\bin\verify.dll

Deoptimization events (20 events):
Event: 0.799 Thread 0x000002a09ce8bef0 DEOPT PACKING pc=0x000002a09fb00d80 sp=0x000000c3c89fe4c0
Event: 0.799 Thread 0x000002a09ce8bef0 DEOPT UNPACKING pc=0x000002a0a7056e43 sp=0x000000c3c89fd980 mode 0
Event: 0.800 Thread 0x000002a09ce8bef0 Uncommon trap: trap_request=0xffffff45 fr.pc=0x000002a0a75ab4dc relative=0x000000000000005c
Event: 0.800 Thread 0x000002a09ce8bef0 Uncommon trap: reason=unstable_if action=reinterpret pc=0x000002a0a75ab4dc method=java.lang.String.isLatin1()Z @ 10 c2
Event: 0.800 Thread 0x000002a09ce8bef0 DEOPT PACKING pc=0x000002a0a75ab4dc sp=0x000000c3c89fe770
Event: 0.800 Thread 0x000002a09ce8bef0 DEOPT UNPACKING pc=0x000002a0a70566a3 sp=0x000000c3c89fe700 mode 2
Event: 0.801 Thread 0x000002a09ce8bef0 Uncommon trap: trap_request=0xffffff45 fr.pc=0x000002a0a75aed74 relative=0x0000000000000074
Event: 0.801 Thread 0x000002a09ce8bef0 Uncommon trap: reason=unstable_if action=reinterpret pc=0x000002a0a75aed74 method=java.lang.String.isLatin1()Z @ 10 c2
Event: 0.801 Thread 0x000002a09ce8bef0 DEOPT PACKING pc=0x000002a0a75aed74 sp=0x000000c3c89ff190
Event: 0.801 Thread 0x000002a09ce8bef0 DEOPT UNPACKING pc=0x000002a0a70566a3 sp=0x000000c3c89ff0d0 mode 2
Event: 0.802 Thread 0x000002a09ce8bef0 DEOPT PACKING pc=0x000002a09fb14e56 sp=0x000000c3c89ff140
Event: 0.802 Thread 0x000002a09ce8bef0 DEOPT UNPACKING pc=0x000002a0a7056e43 sp=0x000000c3c89fe5e0 mode 0
Event: 0.803 Thread 0x000002a09ce8bef0 DEOPT PACKING pc=0x000002a09fb00d80 sp=0x000000c3c89fce30
Event: 0.803 Thread 0x000002a09ce8bef0 DEOPT UNPACKING pc=0x000002a0a7056e43 sp=0x000000c3c89fc2f0 mode 0
Event: 0.805 Thread 0x000002a09ce8bef0 DEOPT PACKING pc=0x000002a09fb00d80 sp=0x000000c3c89fd4f0
Event: 0.805 Thread 0x000002a09ce8bef0 DEOPT UNPACKING pc=0x000002a0a7056e43 sp=0x000000c3c89fc9b0 mode 0
Event: 0.885 Thread 0x000002a09ce8bef0 Uncommon trap: trap_request=0xffffff45 fr.pc=0x000002a0a75ae214 relative=0x0000000000000634
Event: 0.885 Thread 0x000002a09ce8bef0 Uncommon trap: reason=unstable_if action=reinterpret pc=0x000002a0a75ae214 method=java.util.HashMap.putVal(ILjava/lang/Object;Ljava/lang/Object;ZZ)Ljava/lang/Object; @ 181 c2
Event: 0.885 Thread 0x000002a09ce8bef0 DEOPT PACKING pc=0x000002a0a75ae214 sp=0x000000c3c89fdfd0
Event: 0.885 Thread 0x000002a09ce8bef0 DEOPT UNPACKING pc=0x000002a0a70566a3 sp=0x000000c3c89fdf40 mode 2

Classes unloaded (0 events):
No events

Classes redefined (0 events):
No events

Internal exceptions (2 events):
Event: 0.243 Thread 0x000002a09ce8bef0 Exception <a 'java/lang/NoSuchMethodError'{0x00000000eacb24e8}: 'void java.lang.invoke.DirectMethodHandle$Holder.invokeStatic(java.lang.Object, java.lang.Object, java.lang.Object)'> (0x00000000eacb24e8) 
thrown [s\src\hotspot\share\interpreter\linkResolver.cpp, line 759]
Event: 0.639 Thread 0x000002a09ce8bef0 Exception <a 'java/lang/reflect/InvocationTargetException'{0x00000000eaf794e0}> (0x00000000eaf794e0) 
thrown [s\src\hotspot\share\runtime\reflection.cpp, line 1121]

VM Operations (4 events):
Event: 0.249 Executing VM operation: HandshakeAllThreads
Event: 0.249 Executing VM operation: HandshakeAllThreads done
Event: 0.425 Executing VM operation: HandshakeAllThreads
Event: 0.425 Executing VM operation: HandshakeAllThreads done

Events (20 events):
Event: 0.921 loading class sun/security/x509/CertificateValidity done
Event: 0.922 loading class sun/util/calendar/CalendarSystem
Event: 0.922 loading class sun/util/calendar/CalendarSystem done
Event: 0.922 loading class sun/util/calendar/CalendarSystem$GregorianHolder
Event: 0.922 loading class sun/util/calendar/CalendarSystem$GregorianHolder done
Event: 0.922 loading class sun/util/calendar/Gregorian
Event: 0.922 loading class sun/util/calendar/BaseCalendar
Event: 0.922 loading class sun/util/calendar/AbstractCalendar
Event: 0.922 loading class sun/util/calendar/AbstractCalendar done
Event: 0.922 loading class sun/util/calendar/BaseCalendar done
Event: 0.922 loading class sun/util/calendar/Gregorian done
Event: 0.923 loading class sun/util/calendar/Gregorian$Date
Event: 0.923 loading class sun/util/calendar/BaseCalendar$Date
Event: 0.923 loading class sun/util/calendar/CalendarDate
Event: 0.923 loading class sun/util/calendar/CalendarDate done
Event: 0.923 loading class sun/util/calendar/BaseCalendar$Date done
Event: 0.923 loading class sun/util/calendar/Gregorian$Date done
Event: 0.923 loading class sun/util/calendar/CalendarUtils
Event: 0.923 loading class sun/util/calendar/CalendarUtils done
Event: 0.923 loading class java/util/Date


Dynamic libraries:
0x00007ff7119e0000 - 0x00007ff7119ee000 	c:\Users\ribeivi\.vscode\extensions\redhat.java-1.22.1-win32-x64\jre\17.0.8.1-win32-x86_64\bin\java.exe
0x00007fff9b030000 - 0x00007fff9b228000 	C:\WINDOWS\SYSTEM32\ntdll.dll
0x00007fff9aba0000 - 0x00007fff9ac5f000 	C:\WINDOWS\System32\KERNEL32.DLL
0x00007fff98a90000 - 0x00007fff98d86000 	C:\WINDOWS\System32\KERNELBASE.dll
0x00007fff92940000 - 0x00007fff929d1000 	C:\WINDOWS\SYSTEM32\apphelp.dll
0x00007fff98d90000 - 0x00007fff98e90000 	C:\WINDOWS\System32\ucrtbase.dll
0x00007fff87770000 - 0x00007fff87787000 	c:\Users\ribeivi\.vscode\extensions\redhat.java-1.22.1-win32-x64\jre\17.0.8.1-win32-x86_64\bin\jli.dll
0x00007fff990a0000 - 0x00007fff9923d000 	C:\WINDOWS\System32\USER32.dll
0x00007fff98760000 - 0x00007fff98782000 	C:\WINDOWS\System32\win32u.dll
0x00007fff9adf0000 - 0x00007fff9ae1c000 	C:\WINDOWS\System32\GDI32.dll
0x00007fff98970000 - 0x00007fff98a85000 	C:\WINDOWS\System32\gdi32full.dll
0x00007fff98840000 - 0x00007fff988dd000 	C:\WINDOWS\System32\msvcp_win.dll
0x00007fff81a80000 - 0x00007fff81a99000 	c:\Users\ribeivi\.vscode\extensions\redhat.java-1.22.1-win32-x64\jre\17.0.8.1-win32-x86_64\bin\VCRUNTIME140.dll
0x00007fff803f0000 - 0x00007fff8068a000 	C:\WINDOWS\WinSxS\amd64_microsoft.windows.common-controls_6595b64144ccf1df_6.0.19041.1110_none_60b5254171f9507e\COMCTL32.dll
0x00007fff9ae20000 - 0x00007fff9aebe000 	C:\WINDOWS\System32\msvcrt.dll
0x00007fff997e0000 - 0x00007fff99810000 	C:\WINDOWS\System32\IMM32.DLL
0x00007fff96ed0000 - 0x00007fff96fef000 	C:\Program Files\Avecto\Privilege Guard Client\PGHook.dll
0x00007fff99810000 - 0x00007fff99f54000 	C:\WINDOWS\System32\shell32.dll
0x00007fff996b0000 - 0x00007fff9975f000 	C:\WINDOWS\System32\ADVAPI32.dll
0x00007fff99f60000 - 0x00007fff99ffc000 	C:\WINDOWS\System32\sechost.dll
0x00007fff9acc0000 - 0x00007fff9ade6000 	C:\WINDOWS\System32\RPCRT4.dll
0x00007fff980a0000 - 0x00007fff980b8000 	C:\WINDOWS\SYSTEM32\CRYPTSP.dll
0x00007fff97640000 - 0x00007fff97674000 	C:\WINDOWS\system32\rsaenh.dll
0x00007fff99060000 - 0x00007fff99087000 	C:\WINDOWS\System32\bcrypt.dll
0x00007fff980c0000 - 0x00007fff980cc000 	C:\WINDOWS\SYSTEM32\CRYPTBASE.dll
0x00007fff988e0000 - 0x00007fff98962000 	C:\WINDOWS\System32\bcryptPrimitives.dll
0x00007fff81fb0000 - 0x00007fff81fbc000 	c:\Users\ribeivi\.vscode\extensions\redhat.java-1.22.1-win32-x64\jre\17.0.8.1-win32-x86_64\bin\vcruntime140_1.dll
0x00007ffebfa80000 - 0x00007ffebfb11000 	c:\Users\ribeivi\.vscode\extensions\redhat.java-1.22.1-win32-x64\jre\17.0.8.1-win32-x86_64\bin\msvcp140.dll
0x00007ffeaeb50000 - 0x00007ffeaf79c000 	c:\Users\ribeivi\.vscode\extensions\redhat.java-1.22.1-win32-x64\jre\17.0.8.1-win32-x86_64\bin\server\jvm.dll
0x00007fff97c60000 - 0x00007fff97cab000 	C:\WINDOWS\SYSTEM32\POWRPROF.dll
0x00007fff68310000 - 0x00007fff68319000 	C:\WINDOWS\SYSTEM32\WSOCK32.dll
0x00007fff9a000000 - 0x00007fff9a06b000 	C:\WINDOWS\System32\WS2_32.dll
0x00007fff862b0000 - 0x00007fff862d7000 	C:\WINDOWS\SYSTEM32\WINMM.dll
0x00007fff7d270000 - 0x00007fff7d27a000 	C:\WINDOWS\SYSTEM32\VERSION.dll
0x00007fff97b30000 - 0x00007fff97b42000 	C:\WINDOWS\SYSTEM32\UMPDC.dll
0x00007fff96a00000 - 0x00007fff96a12000 	C:\WINDOWS\SYSTEM32\kernel.appcore.dll
0x00007fff6dc40000 - 0x00007fff6dc4a000 	c:\Users\ribeivi\.vscode\extensions\redhat.java-1.22.1-win32-x64\jre\17.0.8.1-win32-x86_64\bin\jimage.dll
0x00007fff95f80000 - 0x00007fff96164000 	C:\WINDOWS\SYSTEM32\DBGHELP.DLL
0x00007fff7bfe0000 - 0x00007fff7c014000 	C:\WINDOWS\SYSTEM32\dbgcore.DLL
0x00007fff6d190000 - 0x00007fff6d19e000 	c:\Users\ribeivi\.vscode\extensions\redhat.java-1.22.1-win32-x64\jre\17.0.8.1-win32-x86_64\bin\instrument.dll
0x00007fff1a600000 - 0x00007fff1a625000 	c:\Users\ribeivi\.vscode\extensions\redhat.java-1.22.1-win32-x64\jre\17.0.8.1-win32-x86_64\bin\java.dll
0x00007fff3bbb0000 - 0x00007fff3bbc8000 	c:\Users\ribeivi\.vscode\extensions\redhat.java-1.22.1-win32-x64\jre\17.0.8.1-win32-x86_64\bin\zip.dll
0x00007fff96170000 - 0x00007fff96903000 	C:\WINDOWS\SYSTEM32\windows.storage.dll
0x00007fff9a370000 - 0x00007fff9a6c4000 	C:\WINDOWS\System32\combase.dll
0x00007fff98150000 - 0x00007fff9817e000 	C:\WINDOWS\SYSTEM32\Wldp.dll
0x00007fff9a800000 - 0x00007fff9a8ad000 	C:\WINDOWS\System32\SHCORE.dll
0x00007fff9ac60000 - 0x00007fff9acb5000 	C:\WINDOWS\System32\shlwapi.dll
0x00007fff98640000 - 0x00007fff98665000 	C:\WINDOWS\SYSTEM32\profapi.dll
0x00007fff3bad0000 - 0x00007fff3bae9000 	C:\Users\ribeivi\.vscode\extensions\redhat.java-1.22.1-win32-x64\jre\17.0.8.1-win32-x86_64\bin\net.dll
0x00007fff976d0000 - 0x00007fff977da000 	C:\WINDOWS\SYSTEM32\WINHTTP.dll
0x00007fff97eb0000 - 0x00007fff97f1a000 	C:\WINDOWS\system32\mswsock.dll
0x00007fff375a0000 - 0x00007fff375b5000 	C:\Users\ribeivi\.vscode\extensions\redhat.java-1.22.1-win32-x64\jre\17.0.8.1-win32-x86_64\bin\nio.dll
0x00007fff6ce20000 - 0x00007fff6ce30000 	c:\Users\ribeivi\.vscode\extensions\redhat.java-1.22.1-win32-x64\jre\17.0.8.1-win32-x86_64\bin\verify.dll

dbghelp: loaded successfully - version: 4.0.5 - missing functions: none
symbol engine: initialized successfully - sym options: 0x614 - pdb path: .;c:\Users\ribeivi\.vscode\extensions\redhat.java-1.22.1-win32-x64\jre\17.0.8.1-win32-x86_64\bin;C:\WINDOWS\SYSTEM32;C:\WINDOWS\WinSxS\amd64_microsoft.windows.common-controls_6595b64144ccf1df_6.0.19041.1110_none_60b5254171f9507e;C:\Program Files\Avecto\Privilege Guard Client;c:\Users\ribeivi\.vscode\extensions\redhat.java-1.22.1-win32-x64\jre\17.0.8.1-win32-x86_64\bin\server

VM Arguments:
jvm_args: --add-modules=ALL-SYSTEM --add-opens=java.base/java.util=ALL-UNNAMED --add-opens=java.base/java.lang=ALL-UNNAMED --add-opens=java.base/sun.nio.fs=ALL-UNNAMED -Declipse.application=org.eclipse.jdt.ls.core.id1 -Dosgi.bundles.defaultStartLevel=4 -Declipse.product=org.eclipse.jdt.ls.core.product -Djava.import.generatesMetadataFilesAtProjectRoot=false -Dfile.encoding=utf8 -XX:+UseParallelGC -XX:GCTimeRatio=4 -XX:AdaptiveSizePolicyWeight=90 -Dsun.zip.disableMemoryMapping=true -Xmx1G -Xms100m -Xlog:disable -javaagent:c:\Users\ribeivi\.vscode\extensions\redhat.java-1.22.1-win32-x64\lombok\lombok-1.18.28.jar -XX:+HeapDumpOnOutOfMemoryError -XX:HeapDumpPath=c:\Users\ribeivi\AppData\Roaming\Code\User\workspaceStorage\f2060fafff3dc1c8a6f4397f4f6fa7f9\redhat.java -Daether.dependencyCollector.impl=bf 
java_command: c:\Users\ribeivi\.vscode\extensions\redhat.java-1.22.1-win32-x64\server\plugins\org.eclipse.equinox.launcher_1.6.500.v20230717-2134.jar -configuration c:\Users\ribeivi\AppData\Roaming\Code\User\globalStorage\redhat.java\1.22.1\config_win -data c:\Users\ribeivi\AppData\Roaming\Code\User\workspaceStorage\f2060fafff3dc1c8a6f4397f4f6fa7f9\redhat.java\jdt_ws
java_class_path (initial): c:\Users\ribeivi\.vscode\extensions\redhat.java-1.22.1-win32-x64\server\plugins\org.eclipse.equinox.launcher_1.6.500.v20230717-2134.jar
Launcher Type: SUN_STANDARD

[Global flags]
    uintx AdaptiveSizePolicyWeight                 = 90                                        {product} {command line}
     intx CICompilerCount                          = 4                                         {product} {ergonomic}
    uintx GCTimeRatio                              = 4                                         {product} {command line}
     bool HeapDumpOnOutOfMemoryError               = true                                   {manageable} {command line}
    ccstr HeapDumpPath                             = c:\Users\ribeivi\AppData\Roaming\Code\User\workspaceStorage\f2060fafff3dc1c8a6f4397f4f6fa7f9\redhat.java         {manageable} {command line}
   size_t InitialHeapSize                          = 104857600                                 {product} {command line}
   size_t MaxHeapSize                              = 1073741824                                {product} {command line}
   size_t MaxNewSize                               = 357564416                                 {product} {ergonomic}
   size_t MinHeapDeltaBytes                        = 524288                                    {product} {ergonomic}
   size_t MinHeapSize                              = 104857600                                 {product} {command line}
   size_t NewSize                                  = 34603008                                  {product} {ergonomic}
    uintx NonNMethodCodeHeapSize                   = 5839372                                {pd product} {ergonomic}
    uintx NonProfiledCodeHeapSize                  = 122909434                              {pd product} {ergonomic}
   size_t OldSize                                  = 70254592                                  {product} {ergonomic}
    uintx ProfiledCodeHeapSize                     = 122909434                              {pd product} {ergonomic}
    uintx ReservedCodeCacheSize                    = 251658240                              {pd product} {ergonomic}
     bool SegmentedCodeCache                       = true                                      {product} {ergonomic}
   size_t SoftMaxHeapSize                          = 1073741824                             {manageable} {ergonomic}
     bool UseCompressedClassPointers               = true                           {product lp64_product} {ergonomic}
     bool UseCompressedOops                        = true                           {product lp64_product} {ergonomic}
     bool UseLargePagesIndividualAllocation        = false                                  {pd product} {ergonomic}
     bool UseParallelGC                            = true                                      {product} {command line}

Logging:
Log output configuration:
 #0: stdout all=off uptime,level,tags
 #1: stderr all=off uptime,level,tags

Environment Variables:
JAVA_HOME=C:\Program Files (x86)\Java\jre1.8.0_201
PATH=C:\Program Files (x86)\Common Files\Oracle\Java\javapath;C:\WINDOWS\system32;C:\WINDOWS;C:\WINDOWS\System32\Wbem;C:\WINDOWS\System32\WindowsPowerShell\v1.0\;C:\WINDOWS\System32\OpenSSH\;C:\Program Files\dotnet\;C:\Program Files (x86)\OpenText\Viewer\bin;C:\Program Files\Microsoft SQL Server\150\Tools\Binn\;C:\Program Files\Microsoft SQL Server\Client SDK\ODBC\170\Tools\Binn\;C:\Program Files\nodejs\;C:\Users\ribeivi\AppData\Local\Microsoft\WindowsApps;C:\Users\ribeivi\AppData\Local\Programs\Microsoft VS Code\bin;C:\Users\ribeivi\AppData\Local\GitHubDesktop\bin;C:\Users\ribeivi\AppData\Roaming\npm;C:\Users\ribeivi\AppData\Local\Programs\Git\cmd;C:\Users\ribeivi\AppData\Local\JetBrains\PyCharm 2023.1.2\bin;
USERNAME=ribeivi
OS=Windows_NT
PROCESSOR_IDENTIFIER=Intel64 Family 6 Model 154 Stepping 4, GenuineIntel
TMP=C:\Users\ribeivi\AppData\Local\Temp
TEMP=C:\Users\ribeivi\AppData\Local\Temp



---------------  S Y S T E M  ---------------

OS:
 Windows 10 , 64 bit Build 19041 (10.0.19041.3155)
OS uptime: 33 days 14:26 hours

CPU: total 12 (initial active 12) (12 cores per cpu, 1 threads per core) family 6 model 154 stepping 4 microcode 0x423, cx8, cmov, fxsr, mmx, 3dnowpref, sse, sse2, sse3, ssse3, sse4.1, sse4.2, popcnt, lzcnt, tsc, tscinvbit, avx, avx2, aes, erms, clmul, bmi1, bmi2, adx, sha, fma, vzeroupper, clflush, clflushopt, clwb
Processor Information for all 12 processors :
  Max Mhz: 1600, Current Mhz: 1600, Mhz Limit: 1600

Memory: 4k page, system-wide physical 16051M (242M free)
TotalPageFile size 65203M (AvailPageFile size 0M)
current process WorkingSet (physical memory assigned to process): 45M, peak: 45M
current process commit charge ("private bytes"): 195M, peak: 195M

vm_info: OpenJDK 64-Bit Server VM (17.0.8.1+1) for windows-amd64 JRE (17.0.8.1+1), built on Aug 23 2023 15:29:17 by "admin" with MS VC++ 16.7 (VS2019)

END.
