#
# There is insufficient memory for the Java Runtime Environment to continue.
# Native memory allocation (mmap) failed to map 65536 bytes for Failed to commit metaspace.
# Possible reasons:
#   The system is out of physical RAM or swap space
#   The process is running with CompressedOops enabled, and the Java Heap may be blocking the growth of the native heap
# Possible solutions:
#   Reduce memory load on the system
#   Increase physical memory or swap space
#   Check if swap backing store is full
#   Decrease Java heap size (-Xmx/-Xms)
#   Decrease number of Java threads
#   Decrease Java thread stack sizes (-Xss)
#   Set larger code cache with -XX:ReservedCodeCacheSize=
#   JVM is running with Unscaled Compressed Oops mode in which the Java heap is
#     placed in the first 4GB address space. The Java Heap base address is the
#     maximum limit for the native heap growth. Please use -XX:HeapBaseMinAddress
#     to set the Java Heap base and to place the Java Heap above 4GB virtual address.
# This output file may be truncated or incomplete.
#
#  Out of Memory Error (virtualSpaceNode.cpp:110), pid=93868, tid=64056
#
# JRE version: OpenJDK Runtime Environment Temurin-17.0.8.1+1 (17.0.8.1+1) (build 17.0.8.1+1)
# Java VM: OpenJDK 64-Bit Server VM Temurin-17.0.8.1+1 (17.0.8.1+1, mixed mode, tiered, compressed oops, compressed class ptrs, parallel gc, windows-amd64)
# No core dump will be written. Minidumps are not enabled by default on client versions of Windows
#

---------------  S U M M A R Y ------------

Command Line: --add-modules=ALL-SYSTEM --add-opens=java.base/java.util=ALL-UNNAMED --add-opens=java.base/java.lang=ALL-UNNAMED --add-opens=java.base/sun.nio.fs=ALL-UNNAMED -Declipse.application=org.eclipse.jdt.ls.core.id1 -Dosgi.bundles.defaultStartLevel=4 -Declipse.product=org.eclipse.jdt.ls.core.product -Djava.import.generatesMetadataFilesAtProjectRoot=false -Dfile.encoding=utf8 -XX:+UseParallelGC -XX:GCTimeRatio=4 -XX:AdaptiveSizePolicyWeight=90 -Dsun.zip.disableMemoryMapping=true -Xmx1G -Xms100m -Xlog:disable -javaagent:c:\Users\ribeivi\.vscode\extensions\redhat.java-1.22.1-win32-x64\lombok\lombok-1.18.28.jar c:\Users\ribeivi\.vscode\extensions\redhat.java-1.22.1-win32-x64\server\plugins\org.eclipse.equinox.launcher_1.6.500.v20230717-2134.jar -configuration c:\Users\ribeivi\AppData\Roaming\Code\User\globalStorage\redhat.java\1.22.1\config_ss_win -data c:\Users\ribeivi\AppData\Roaming\Code\User\workspaceStorage\f2060fafff3dc1c8a6f4397f4f6fa7f9\redhat.java\ss_ws

Host: 12th Gen Intel(R) Core(TM) i5-1245U, 12 cores, 15G,  Windows 10 , 64 bit Build 19041 (10.0.19041.3155)
Time: Wed Sep 20 13:38:23 2023 E. South America Standard Time elapsed time: 2.722134 seconds (0d 0h 0m 2s)

---------------  T H R E A D  ---------------

Current thread (0x000002c870879000):  JavaThread "main" [_thread_in_vm, id=64056, stack(0x000000ffecf00000,0x000000ffed000000)]

Stack: [0x000000ffecf00000,0x000000ffed000000]
Native frames: (J=compiled Java code, j=interpreted, Vv=VM code, C=native code)
V  [jvm.dll+0x678b0a]
V  [jvm.dll+0x835e84]
V  [jvm.dll+0x83762e]
V  [jvm.dll+0x837c93]
V  [jvm.dll+0x24746f]
V  [jvm.dll+0x831f1b]
V  [jvm.dll+0x61d3c6]
V  [jvm.dll+0x61d42a]
V  [jvm.dll+0x61fc5a]
V  [jvm.dll+0x61dd66]
V  [jvm.dll+0x627c47]
V  [jvm.dll+0x1eb90b]
V  [jvm.dll+0x1ebe45]
V  [jvm.dll+0x1ec87f]
V  [jvm.dll+0x1e1d21]
V  [jvm.dll+0x53fba0]
V  [jvm.dll+0x1f2607]
V  [jvm.dll+0x7b06ab]
V  [jvm.dll+0x7b1a52]
V  [jvm.dll+0x415e85]
C  [java.dll+0x1a55]

Java frames: (J=compiled Java code, j=interpreted, Vv=VM code)
j  java.lang.ClassLoader.findBootstrapClass(Ljava/lang/String;)Ljava/lang/Class;+0 java.base@17.0.8.1
j  java.lang.ClassLoader.findBootstrapClassOrNull(Ljava/lang/String;)Ljava/lang/Class;+10 java.base@17.0.8.1
j  java.lang.System$2.findBootstrapClassOrNull(Ljava/lang/String;)Ljava/lang/Class;+1 java.base@17.0.8.1
j  jdk.internal.loader.ClassLoaders$BootClassLoader.loadClassOrNull(Ljava/lang/String;Z)Ljava/lang/Class;+4 java.base@17.0.8.1
j  jdk.internal.loader.BuiltinClassLoader.loadClassOrNull(Ljava/lang/String;)Ljava/lang/Class;+3 java.base@17.0.8.1
j  jdk.internal.loader.BuiltinClassLoader.loadClassOrNull(Ljava/lang/String;Z)Ljava/lang/Class;+66 java.base@17.0.8.1
j  jdk.internal.loader.BuiltinClassLoader.loadClass(Ljava/lang/String;Z)Ljava/lang/Class;+3 java.base@17.0.8.1
j  java.lang.ClassLoader.loadClass(Ljava/lang/String;Z)Ljava/lang/Class;+38 java.base@17.0.8.1
j  java.lang.ClassLoader.loadClass(Ljava/lang/String;)Ljava/lang/Class;+3 java.base@17.0.8.1
v  ~StubRoutines::call_stub
j  java.lang.Class.getDeclaredMethods0(Z)[Ljava/lang/reflect/Method;+0 java.base@17.0.8.1
j  java.lang.Class.privateGetDeclaredMethods(Z)[Ljava/lang/reflect/Method;+34 java.base@17.0.8.1
j  java.lang.Class.getDeclaredMethod(Ljava/lang/String;[Ljava/lang/Class;)Ljava/lang/reflect/Method;+25 java.base@17.0.8.1
j  org.eclipse.equinox.launcher.Main.invokeFramework([Ljava/lang/String;[Ljava/net/URL;)V+177
j  org.eclipse.equinox.launcher.Main.basicRun([Ljava/lang/String;)V+159
j  org.eclipse.equinox.launcher.Main.run([Ljava/lang/String;)I+4
j  org.eclipse.equinox.launcher.Main.main([Ljava/lang/String;)V+10
v  ~StubRoutines::call_stub

---------------  P R O C E S S  ---------------

Threads class SMR info:
_java_thread_list=0x000002c87a91bb90, length=12, elements={
0x000002c870879000, 0x000002c8756b6380, 0x000002c8756b79a0, 0x000002c87a638280,
0x000002c87a639100, 0x000002c87a63d140, 0x000002c87a63db00, 0x000002c87a63f7c0,
0x000002c87a6a4290, 0x000002c87a6a77d0, 0x000002c8708d8710, 0x000002c87a943010
}

Java Threads: ( => current thread )
=>0x000002c870879000 JavaThread "main" [_thread_in_vm, id=64056, stack(0x000000ffecf00000,0x000000ffed000000)]
  0x000002c8756b6380 JavaThread "Reference Handler" daemon [_thread_blocked, id=45776, stack(0x000000ffed200000,0x000000ffed300000)]
  0x000002c8756b79a0 JavaThread "Finalizer" daemon [_thread_blocked, id=70708, stack(0x000000ffed300000,0x000000ffed400000)]
  0x000002c87a638280 JavaThread "Signal Dispatcher" daemon [_thread_blocked, id=5520, stack(0x000000ffed400000,0x000000ffed500000)]
  0x000002c87a639100 JavaThread "Attach Listener" daemon [_thread_blocked, id=3000, stack(0x000000ffed500000,0x000000ffed600000)]
  0x000002c87a63d140 JavaThread "Service Thread" daemon [_thread_blocked, id=64600, stack(0x000000ffed600000,0x000000ffed700000)]
  0x000002c87a63db00 JavaThread "Monitor Deflation Thread" daemon [_thread_blocked, id=86172, stack(0x000000ffed700000,0x000000ffed800000)]
  0x000002c87a63f7c0 JavaThread "C2 CompilerThread0" daemon [_thread_blocked, id=81608, stack(0x000000ffed800000,0x000000ffed900000)]
  0x000002c87a6a4290 JavaThread "C1 CompilerThread0" daemon [_thread_blocked, id=103340, stack(0x000000ffed900000,0x000000ffeda00000)]
  0x000002c87a6a77d0 JavaThread "Sweeper thread" daemon [_thread_blocked, id=50300, stack(0x000000ffeda00000,0x000000ffedb00000)]
  0x000002c8708d8710 JavaThread "Common-Cleaner" daemon [_thread_blocked, id=53988, stack(0x000000ffedb00000,0x000000ffedc00000)]
  0x000002c87a943010 JavaThread "Notification Thread" daemon [_thread_blocked, id=67368, stack(0x000000ffedc00000,0x000000ffedd00000)]

Other Threads:
  0x000002c87a5f52a0 VMThread "VM Thread" [stack: 0x000000ffed100000,0x000000ffed200000] [id=69684]
  0x000002c87a9434f0 WatcherThread [stack: 0x000000ffedd00000,0x000000ffede00000] [id=60340]
  0x000002c87088c410 GCTaskThread "GC Thread#0" [stack: 0x000000ffed000000,0x000000ffed100000] [id=28580]

Threads with active compile tasks:

VM state: not at safepoint (normal execution)

VM Mutex/Monitor currently owned by a thread:  ([mutex/lock_event])
[0x000002c86e29dfb0] Metaspace_lock - owner thread: 0x000002c870879000

Heap address: 0x00000000c0000000, size: 1024 MB, Compressed Oops mode: 32-bit

CDS archive(s) not mapped
Compressed class space mapped at: 0x0000000100000000-0x0000000140000000, reserved size: 1073741824
Narrow klass base: 0x0000000000000000, Narrow klass shift: 3, Narrow klass range: 0x140000000

GC Precious Log:
 CPUs: 12 total, 12 available
 Memory: 16051M
 Large Page Support: Disabled
 NUMA Support: Disabled
 Compressed Oops: Enabled (32-bit)
 Alignments: Space 512K, Generation 512K, Heap 2M
 Heap Min Capacity: 100M
 Heap Initial Capacity: 100M
 Heap Max Capacity: 1G
 Pre-touch: Disabled
 Parallel Workers: 10

Heap:
 PSYoungGen      total 29696K, used 16576K [0x00000000eab00000, 0x00000000ecc00000, 0x0000000100000000)
  eden space 25600K, 64% used [0x00000000eab00000,0x00000000ebb302b0,0x00000000ec400000)
  from space 4096K, 0% used [0x00000000ec800000,0x00000000ec800000,0x00000000ecc00000)
  to   space 4096K, 0% used [0x00000000ec400000,0x00000000ec400000,0x00000000ec800000)
 ParOldGen       total 68608K, used 0K [0x00000000c0000000, 0x00000000c4300000, 0x00000000eab00000)
  object space 68608K, 0% used [0x00000000c0000000,0x00000000c0000000,0x00000000c4300000)
 Metaspace       used 9398K, committed 9472K, reserved 1114112K
  class space    used 930K, committed 960K, reserved 1048576K

Card table byte_map: [0x000002c8701f0000,0x000002c870400000] _byte_map_base: 0x000002c86fbf0000

Marking Bits: (ParMarkBitMap*) 0x00007ffeaf6d83a0
 Begin Bits: [0x000002c8734c0000, 0x000002c8744c0000)
 End Bits:   [0x000002c8744c0000, 0x000002c8754c0000)

Polling page: 0x000002c86e240000

Metaspace:

Usage:
  Non-class:      8.27 MB used.
      Class:    930.52 KB used.
       Both:      9.18 MB used.

Virtual space:
  Non-class space:       64.00 MB reserved,       8.31 MB ( 13%) committed,  1 nodes.
      Class space:        1.00 GB reserved,     960.00 KB ( <1%) committed,  1 nodes.
             Both:        1.06 GB reserved,       9.25 MB ( <1%) committed. 

Chunk freelists:
   Non-Class:  6.83 MB
       Class:  15.08 MB
        Both:  21.92 MB

MaxMetaspaceSize: unlimited
CompressedClassSpaceSize: 1.00 GB
Initial GC threshold: 21.00 MB
Current GC threshold: 21.00 MB
CDS: off
MetaspaceReclaimPolicy: balanced
 - commit_granule_bytes: 65536.
 - commit_granule_words: 8192.
 - virtual_space_node_default_size: 8388608.
 - enlarge_chunks_in_place: 1.
 - new_chunks_are_fully_committed: 0.
 - uncommit_free_chunks: 1.
 - use_allocation_guard: 0.
 - handle_deallocations: 1.


Internal statistics:

num_allocs_failed_limit: 0.
num_arena_births: 14.
num_arena_deaths: 0.
num_vsnodes_births: 2.
num_vsnodes_deaths: 0.
num_space_committed: 148.
num_space_uncommitted: 0.
num_chunks_returned_to_freelist: 0.
num_chunks_taken_from_freelist: 58.
num_chunk_merges: 0.
num_chunk_splits: 33.
num_chunks_enlarged: 20.
num_inconsistent_stats: 0.

CodeHeap 'non-profiled nmethods': size=120000Kb used=272Kb max_used=272Kb free=119727Kb
 bounds [0x000002c807ad0000, 0x000002c807d40000, 0x000002c80f000000]
CodeHeap 'profiled nmethods': size=120000Kb used=1067Kb max_used=1067Kb free=118932Kb
 bounds [0x000002c800000000, 0x000002c800270000, 0x000002c807530000]
CodeHeap 'non-nmethods': size=5760Kb used=1134Kb max_used=1149Kb free=4625Kb
 bounds [0x000002c807530000, 0x000002c8077a0000, 0x000002c807ad0000]
 total_blobs=1128 nmethods=703 adapters=340
 compilation: enabled
              stopped_count=0, restarted_count=0
 full_count=0

Compilation events (20 events):
Event: 2.676 Thread 0x000002c87a63f7c0  681       4       sun.security.provider.SHA5::lf_delta1 (21 bytes)
Event: 2.676 Thread 0x000002c87a63f7c0 nmethod 681 0x000002c807b12a90 code [0x000002c807b12c00, 0x000002c807b12c78]
Event: 2.676 Thread 0x000002c87a63f7c0  682       4       sun.security.provider.SHA5::lf_delta0 (20 bytes)
Event: 2.676 Thread 0x000002c87a63f7c0 nmethod 682 0x000002c807b12d90 code [0x000002c807b12f00, 0x000002c807b12f78]
Event: 2.676 Thread 0x000002c87a63f7c0  646       4       java.util.HashMap::hash (20 bytes)
Event: 2.677 Thread 0x000002c87a63f7c0 nmethod 646 0x000002c807b13090 code [0x000002c807b13200, 0x000002c807b132d8]
Event: 2.677 Thread 0x000002c87a63f7c0  677       4       java.lang.Long::reverseBytes (46 bytes)
Event: 2.677 Thread 0x000002c87a63f7c0 nmethod 677 0x000002c807b13390 code [0x000002c807b13500, 0x000002c807b135b8]
Event: 2.677 Thread 0x000002c87a63f7c0  662       4       java.math.BigInteger::addOne (77 bytes)
Event: 2.678 Thread 0x000002c87a63f7c0 nmethod 662 0x000002c807b13690 code [0x000002c807b13800, 0x000002c807b13938]
Event: 2.678 Thread 0x000002c87a63f7c0  657       4       java.lang.String::checkBoundsOffCount (64 bytes)
Event: 2.679 Thread 0x000002c87a63f7c0 nmethod 657 0x000002c807b13a90 code [0x000002c807b13c00, 0x000002c807b13cb8]
Event: 2.679 Thread 0x000002c87a63f7c0  665       4       sun.security.provider.SHA5::lf_S (11 bytes)
Event: 2.679 Thread 0x000002c87a63f7c0 nmethod 665 0x000002c807b13d90 code [0x000002c807b13f00, 0x000002c807b13f58]
Event: 2.680 Thread 0x000002c87a6a4290  701       3       lombok.eclipse.agent.EclipsePatcher$1::shouldTransform (79 bytes)
Event: 2.681 Thread 0x000002c87a6a4290 nmethod 701 0x000002c800108790 code [0x000002c800108aa0, 0x000002c800109d38]
Event: 2.683 Thread 0x000002c87a6a4290  702       3       java.lang.StringConcatHelper::newArray (40 bytes)
Event: 2.683 Thread 0x000002c87a6a4290 nmethod 702 0x000002c80010a310 code [0x000002c80010a4e0, 0x000002c80010a818]
Event: 2.696 Thread 0x000002c87a6a4290  703       3       java.io.InputStream::<init> (5 bytes)
Event: 2.696 Thread 0x000002c87a6a4290 nmethod 703 0x000002c80010a910 code [0x000002c80010aaa0, 0x000002c80010abf8]

GC Heap History (0 events):
No events

Dll operation events (8 events):
Event: 0.369 Loaded shared library c:\Users\ribeivi\.vscode\extensions\redhat.java-1.22.1-win32-x64\jre\17.0.8.1-win32-x86_64\bin\java.dll
Event: 0.757 Loaded shared library c:\Users\ribeivi\.vscode\extensions\redhat.java-1.22.1-win32-x64\jre\17.0.8.1-win32-x86_64\bin\zip.dll
Event: 0.781 Loaded shared library C:\Users\ribeivi\.vscode\extensions\redhat.java-1.22.1-win32-x64\jre\17.0.8.1-win32-x86_64\bin\instrument.dll
Event: 0.908 Loaded shared library C:\Users\ribeivi\.vscode\extensions\redhat.java-1.22.1-win32-x64\jre\17.0.8.1-win32-x86_64\bin\net.dll
Event: 0.992 Loaded shared library C:\Users\ribeivi\.vscode\extensions\redhat.java-1.22.1-win32-x64\jre\17.0.8.1-win32-x86_64\bin\nio.dll
Event: 1.024 Loaded shared library C:\Users\ribeivi\.vscode\extensions\redhat.java-1.22.1-win32-x64\jre\17.0.8.1-win32-x86_64\bin\zip.dll
Event: 1.115 Loaded shared library C:\Users\ribeivi\.vscode\extensions\redhat.java-1.22.1-win32-x64\jre\17.0.8.1-win32-x86_64\bin\jimage.dll
Event: 1.358 Loaded shared library c:\Users\ribeivi\.vscode\extensions\redhat.java-1.22.1-win32-x64\jre\17.0.8.1-win32-x86_64\bin\verify.dll

Deoptimization events (20 events):
Event: 2.639 Thread 0x000002c870879000 DEOPT PACKING pc=0x000002c8000bfc5a sp=0x000000ffecffe590
Event: 2.640 Thread 0x000002c870879000 DEOPT UNPACKING pc=0x000002c807586e43 sp=0x000000ffecffd9e8 mode 0
Event: 2.660 Thread 0x000002c870879000 DEOPT PACKING pc=0x000002c8000bfc5a sp=0x000000ffecffe870
Event: 2.660 Thread 0x000002c870879000 DEOPT UNPACKING pc=0x000002c807586e43 sp=0x000000ffecffdcc8 mode 0
Event: 2.661 Thread 0x000002c870879000 DEOPT PACKING pc=0x000002c8000bfc5a sp=0x000000ffecffe870
Event: 2.661 Thread 0x000002c870879000 DEOPT UNPACKING pc=0x000002c807586e43 sp=0x000000ffecffdcc8 mode 0
Event: 2.661 Thread 0x000002c870879000 DEOPT PACKING pc=0x000002c8000bfd32 sp=0x000000ffecffe870
Event: 2.661 Thread 0x000002c870879000 DEOPT UNPACKING pc=0x000002c807586e43 sp=0x000000ffecffdcc8 mode 0
Event: 2.661 Thread 0x000002c870879000 DEOPT PACKING pc=0x000002c8000bfd32 sp=0x000000ffecffe870
Event: 2.661 Thread 0x000002c870879000 DEOPT UNPACKING pc=0x000002c807586e43 sp=0x000000ffecffdcc8 mode 0
Event: 2.661 Thread 0x000002c870879000 DEOPT PACKING pc=0x000002c8000bfd32 sp=0x000000ffecffe870
Event: 2.661 Thread 0x000002c870879000 DEOPT UNPACKING pc=0x000002c807586e43 sp=0x000000ffecffdcc8 mode 0
Event: 2.661 Thread 0x000002c870879000 DEOPT PACKING pc=0x000002c8000bfd32 sp=0x000000ffecffe870
Event: 2.661 Thread 0x000002c870879000 DEOPT UNPACKING pc=0x000002c807586e43 sp=0x000000ffecffdcc8 mode 0
Event: 2.661 Thread 0x000002c870879000 DEOPT PACKING pc=0x000002c8000bfc5a sp=0x000000ffecffe870
Event: 2.661 Thread 0x000002c870879000 DEOPT UNPACKING pc=0x000002c807586e43 sp=0x000000ffecffdcc8 mode 0
Event: 2.662 Thread 0x000002c870879000 DEOPT PACKING pc=0x000002c8000bfc5a sp=0x000000ffecffe870
Event: 2.662 Thread 0x000002c870879000 DEOPT UNPACKING pc=0x000002c807586e43 sp=0x000000ffecffdcc8 mode 0
Event: 2.662 Thread 0x000002c870879000 DEOPT PACKING pc=0x000002c8000bfc5a sp=0x000000ffecffe870
Event: 2.662 Thread 0x000002c870879000 DEOPT UNPACKING pc=0x000002c807586e43 sp=0x000000ffecffdcc8 mode 0

Classes unloaded (0 events):
No events

Classes redefined (0 events):
No events

Internal exceptions (8 events):
Event: 0.732 Thread 0x000002c870879000 Exception <a 'java/lang/NoSuchMethodError'{0x00000000eacb24e8}: 'void java.lang.invoke.DirectMethodHandle$Holder.invokeStatic(java.lang.Object, java.lang.Object, java.lang.Object)'> (0x00000000eacb24e8) 
thrown [s\src\hotspot\share\interpreter\linkResolver.cpp, line 759]
Event: 1.407 Thread 0x000002c870879000 Exception <a 'java/lang/reflect/InvocationTargetException'{0x00000000eaf794a8}> (0x00000000eaf794a8) 
thrown [s\src\hotspot\share\runtime\reflection.cpp, line 1121]
Event: 2.197 Thread 0x000002c870879000 Exception <a 'java/lang/ClassNotFoundException'{0x00000000eb78e588}: sun/net/www/protocol/c/Handler> (0x00000000eb78e588) 
thrown [s\src\hotspot\share\classfile\systemDictionary.cpp, line 256]
Event: 2.319 Thread 0x000002c870879000 Exception <a 'java/io/FileNotFoundException'{0x00000000eb7a1798}> (0x00000000eb7a1798) 
thrown [s\src\hotspot\share\prims\jni.cpp, line 516]
Event: 2.319 Thread 0x000002c870879000 Exception <a 'java/io/FileNotFoundException'{0x00000000eb7a24b8}> (0x00000000eb7a24b8) 
thrown [s\src\hotspot\share\prims\jni.cpp, line 516]
Event: 2.320 Thread 0x000002c870879000 Exception <a 'java/io/FileNotFoundException'{0x00000000eb7a31b8}> (0x00000000eb7a31b8) 
thrown [s\src\hotspot\share\prims\jni.cpp, line 516]
Event: 2.320 Thread 0x000002c870879000 Exception <a 'java/io/FileNotFoundException'{0x00000000eb7a3e98}> (0x00000000eb7a3e98) 
thrown [s\src\hotspot\share\prims\jni.cpp, line 516]
Event: 2.347 Thread 0x000002c870879000 Exception <a 'java/io/FileNotFoundException'{0x00000000eb7dcd40}> (0x00000000eb7dcd40) 
thrown [s\src\hotspot\share\prims\jni.cpp, line 516]

VM Operations (10 events):
Event: 0.736 Executing VM operation: HandshakeAllThreads
Event: 0.737 Executing VM operation: HandshakeAllThreads done
Event: 1.147 Executing VM operation: HandshakeAllThreads
Event: 1.147 Executing VM operation: HandshakeAllThreads done
Event: 2.157 Executing VM operation: HandshakeAllThreads
Event: 2.157 Executing VM operation: HandshakeAllThreads done
Event: 2.157 Executing VM operation: Cleanup
Event: 2.157 Executing VM operation: Cleanup done
Event: 2.189 Executing VM operation: HandshakeAllThreads
Event: 2.189 Executing VM operation: HandshakeAllThreads done

Events (20 events):
Event: 2.669 loading class jdk/internal/reflect/ClassFileAssembler done
Event: 2.669 loading class jdk/internal/reflect/UTF8
Event: 2.671 loading class jdk/internal/reflect/UTF8 done
Event: 2.680 loading class jdk/internal/reflect/Label
Event: 2.680 loading class jdk/internal/reflect/Label done
Event: 2.680 loading class jdk/internal/reflect/Label$PatchInfo
Event: 2.681 loading class jdk/internal/reflect/Label$PatchInfo done
Event: 2.681 loading class jdk/internal/reflect/MethodAccessorGenerator$1
Event: 2.681 loading class jdk/internal/reflect/MethodAccessorGenerator$1 done
Event: 2.681 loading class jdk/internal/reflect/ClassDefiner
Event: 2.681 loading class jdk/internal/reflect/ClassDefiner done
Event: 2.681 loading class jdk/internal/reflect/ClassDefiner$1
Event: 2.681 loading class jdk/internal/reflect/ClassDefiner$1 done
Event: 2.682 loading class jdk/internal/reflect/BootstrapConstructorAccessorImpl
Event: 2.682 loading class jdk/internal/reflect/BootstrapConstructorAccessorImpl done
Event: 2.693 loading class java/util/EventListener
Event: 2.693 loading class java/util/EventListener done
Event: 2.695 loading class java/lang/InterruptedException
Event: 2.695 loading class java/lang/InterruptedException done
Event: 2.697 loading class java/util/concurrent/Semaphore


Dynamic libraries:
0x00007ff7119e0000 - 0x00007ff7119ee000 	c:\Users\ribeivi\.vscode\extensions\redhat.java-1.22.1-win32-x64\jre\17.0.8.1-win32-x86_64\bin\java.exe
0x00007fff9b030000 - 0x00007fff9b228000 	C:\WINDOWS\SYSTEM32\ntdll.dll
0x00007fff9aba0000 - 0x00007fff9ac5f000 	C:\WINDOWS\System32\KERNEL32.DLL
0x00007fff98a90000 - 0x00007fff98d86000 	C:\WINDOWS\System32\KERNELBASE.dll
0x00007fff92940000 - 0x00007fff929d1000 	C:\WINDOWS\SYSTEM32\apphelp.dll
0x00007fff98d90000 - 0x00007fff98e90000 	C:\WINDOWS\System32\ucrtbase.dll
0x00007fff87770000 - 0x00007fff87787000 	c:\Users\ribeivi\.vscode\extensions\redhat.java-1.22.1-win32-x64\jre\17.0.8.1-win32-x86_64\bin\jli.dll
0x00007fff990a0000 - 0x00007fff9923d000 	C:\WINDOWS\System32\USER32.dll
0x00007fff98760000 - 0x00007fff98782000 	C:\WINDOWS\System32\win32u.dll
0x00007fff9adf0000 - 0x00007fff9ae1c000 	C:\WINDOWS\System32\GDI32.dll
0x00007fff98970000 - 0x00007fff98a85000 	C:\WINDOWS\System32\gdi32full.dll
0x00007fff98840000 - 0x00007fff988dd000 	C:\WINDOWS\System32\msvcp_win.dll
0x00007fff803f0000 - 0x00007fff8068a000 	C:\WINDOWS\WinSxS\amd64_microsoft.windows.common-controls_6595b64144ccf1df_6.0.19041.1110_none_60b5254171f9507e\COMCTL32.dll
0x00007fff9ae20000 - 0x00007fff9aebe000 	C:\WINDOWS\System32\msvcrt.dll
0x00007fff81a80000 - 0x00007fff81a99000 	c:\Users\ribeivi\.vscode\extensions\redhat.java-1.22.1-win32-x64\jre\17.0.8.1-win32-x86_64\bin\VCRUNTIME140.dll
0x00007fff997e0000 - 0x00007fff99810000 	C:\WINDOWS\System32\IMM32.DLL
0x00007fff96ed0000 - 0x00007fff96fef000 	C:\Program Files\Avecto\Privilege Guard Client\PGHook.dll
0x00007fff99810000 - 0x00007fff99f54000 	C:\WINDOWS\System32\shell32.dll
0x00007fff996b0000 - 0x00007fff9975f000 	C:\WINDOWS\System32\ADVAPI32.dll
0x00007fff99f60000 - 0x00007fff99ffc000 	C:\WINDOWS\System32\sechost.dll
0x00007fff9acc0000 - 0x00007fff9ade6000 	C:\WINDOWS\System32\RPCRT4.dll
0x00007fff980a0000 - 0x00007fff980b8000 	C:\WINDOWS\SYSTEM32\CRYPTSP.dll
0x00007fff97640000 - 0x00007fff97674000 	C:\WINDOWS\system32\rsaenh.dll
0x00007fff99060000 - 0x00007fff99087000 	C:\WINDOWS\System32\bcrypt.dll
0x00007fff980c0000 - 0x00007fff980cc000 	C:\WINDOWS\SYSTEM32\CRYPTBASE.dll
0x00007fff988e0000 - 0x00007fff98962000 	C:\WINDOWS\System32\bcryptPrimitives.dll
0x00007fff81fb0000 - 0x00007fff81fbc000 	c:\Users\ribeivi\.vscode\extensions\redhat.java-1.22.1-win32-x64\jre\17.0.8.1-win32-x86_64\bin\vcruntime140_1.dll
0x00007ffebfa80000 - 0x00007ffebfb11000 	c:\Users\ribeivi\.vscode\extensions\redhat.java-1.22.1-win32-x64\jre\17.0.8.1-win32-x86_64\bin\msvcp140.dll
0x00007ffeaeb50000 - 0x00007ffeaf79c000 	c:\Users\ribeivi\.vscode\extensions\redhat.java-1.22.1-win32-x64\jre\17.0.8.1-win32-x86_64\bin\server\jvm.dll
0x00007fff97c60000 - 0x00007fff97cab000 	C:\WINDOWS\SYSTEM32\POWRPROF.dll
0x00007fff68310000 - 0x00007fff68319000 	C:\WINDOWS\SYSTEM32\WSOCK32.dll
0x00007fff9a000000 - 0x00007fff9a06b000 	C:\WINDOWS\System32\WS2_32.dll
0x00007fff862b0000 - 0x00007fff862d7000 	C:\WINDOWS\SYSTEM32\WINMM.dll
0x00007fff7d270000 - 0x00007fff7d27a000 	C:\WINDOWS\SYSTEM32\VERSION.dll
0x00007fff97b30000 - 0x00007fff97b42000 	C:\WINDOWS\SYSTEM32\UMPDC.dll
0x00007fff96a00000 - 0x00007fff96a12000 	C:\WINDOWS\SYSTEM32\kernel.appcore.dll
0x00007fff6dc40000 - 0x00007fff6dc4a000 	c:\Users\ribeivi\.vscode\extensions\redhat.java-1.22.1-win32-x64\jre\17.0.8.1-win32-x86_64\bin\jimage.dll
0x00007fff95f80000 - 0x00007fff96164000 	C:\WINDOWS\SYSTEM32\DBGHELP.DLL
0x00007fff7bfe0000 - 0x00007fff7c014000 	C:\WINDOWS\SYSTEM32\dbgcore.DLL
0x00007fff6d190000 - 0x00007fff6d19e000 	c:\Users\ribeivi\.vscode\extensions\redhat.java-1.22.1-win32-x64\jre\17.0.8.1-win32-x86_64\bin\instrument.dll
0x00007fff1a600000 - 0x00007fff1a625000 	c:\Users\ribeivi\.vscode\extensions\redhat.java-1.22.1-win32-x64\jre\17.0.8.1-win32-x86_64\bin\java.dll
0x00007fff3bbb0000 - 0x00007fff3bbc8000 	c:\Users\ribeivi\.vscode\extensions\redhat.java-1.22.1-win32-x64\jre\17.0.8.1-win32-x86_64\bin\zip.dll
0x00007fff96170000 - 0x00007fff96903000 	C:\WINDOWS\SYSTEM32\windows.storage.dll
0x00007fff9a370000 - 0x00007fff9a6c4000 	C:\WINDOWS\System32\combase.dll
0x00007fff98150000 - 0x00007fff9817e000 	C:\WINDOWS\SYSTEM32\Wldp.dll
0x00007fff9a800000 - 0x00007fff9a8ad000 	C:\WINDOWS\System32\SHCORE.dll
0x00007fff9ac60000 - 0x00007fff9acb5000 	C:\WINDOWS\System32\shlwapi.dll
0x00007fff98640000 - 0x00007fff98665000 	C:\WINDOWS\SYSTEM32\profapi.dll
0x00007fff3bad0000 - 0x00007fff3bae9000 	C:\Users\ribeivi\.vscode\extensions\redhat.java-1.22.1-win32-x64\jre\17.0.8.1-win32-x86_64\bin\net.dll
0x00007fff976d0000 - 0x00007fff977da000 	C:\WINDOWS\SYSTEM32\WINHTTP.dll
0x00007fff97eb0000 - 0x00007fff97f1a000 	C:\WINDOWS\system32\mswsock.dll
0x00007fff375a0000 - 0x00007fff375b5000 	C:\Users\ribeivi\.vscode\extensions\redhat.java-1.22.1-win32-x64\jre\17.0.8.1-win32-x86_64\bin\nio.dll
0x00007fff6ce20000 - 0x00007fff6ce30000 	c:\Users\ribeivi\.vscode\extensions\redhat.java-1.22.1-win32-x64\jre\17.0.8.1-win32-x86_64\bin\verify.dll

dbghelp: loaded successfully - version: 4.0.5 - missing functions: none
symbol engine: initialized successfully - sym options: 0x614 - pdb path: .;c:\Users\ribeivi\.vscode\extensions\redhat.java-1.22.1-win32-x64\jre\17.0.8.1-win32-x86_64\bin;C:\WINDOWS\SYSTEM32;C:\WINDOWS\WinSxS\amd64_microsoft.windows.common-controls_6595b64144ccf1df_6.0.19041.1110_none_60b5254171f9507e;C:\Program Files\Avecto\Privilege Guard Client;c:\Users\ribeivi\.vscode\extensions\redhat.java-1.22.1-win32-x64\jre\17.0.8.1-win32-x86_64\bin\server

VM Arguments:
jvm_args: --add-modules=ALL-SYSTEM --add-opens=java.base/java.util=ALL-UNNAMED --add-opens=java.base/java.lang=ALL-UNNAMED --add-opens=java.base/sun.nio.fs=ALL-UNNAMED -Declipse.application=org.eclipse.jdt.ls.core.id1 -Dosgi.bundles.defaultStartLevel=4 -Declipse.product=org.eclipse.jdt.ls.core.product -Djava.import.generatesMetadataFilesAtProjectRoot=false -Dfile.encoding=utf8 -XX:+UseParallelGC -XX:GCTimeRatio=4 -XX:AdaptiveSizePolicyWeight=90 -Dsun.zip.disableMemoryMapping=true -Xmx1G -Xms100m -Xlog:disable -javaagent:c:\Users\ribeivi\.vscode\extensions\redhat.java-1.22.1-win32-x64\lombok\lombok-1.18.28.jar 
java_command: c:\Users\ribeivi\.vscode\extensions\redhat.java-1.22.1-win32-x64\server\plugins\org.eclipse.equinox.launcher_1.6.500.v20230717-2134.jar -configuration c:\Users\ribeivi\AppData\Roaming\Code\User\globalStorage\redhat.java\1.22.1\config_ss_win -data c:\Users\ribeivi\AppData\Roaming\Code\User\workspaceStorage\f2060fafff3dc1c8a6f4397f4f6fa7f9\redhat.java\ss_ws
java_class_path (initial): c:\Users\ribeivi\.vscode\extensions\redhat.java-1.22.1-win32-x64\server\plugins\org.eclipse.equinox.launcher_1.6.500.v20230717-2134.jar
Launcher Type: SUN_STANDARD

[Global flags]
    uintx AdaptiveSizePolicyWeight                 = 90                                        {product} {command line}
     intx CICompilerCount                          = 4                                         {product} {ergonomic}
    uintx GCTimeRatio                              = 4                                         {product} {command line}
   size_t InitialHeapSize                          = 104857600                                 {product} {command line}
   size_t MaxHeapSize                              = 1073741824                                {product} {command line}
   size_t MaxNewSize                               = 357564416                                 {product} {ergonomic}
   size_t MinHeapDeltaBytes                        = 524288                                    {product} {ergonomic}
   size_t MinHeapSize                              = 104857600                                 {product} {command line}
   size_t NewSize                                  = 34603008                                  {product} {ergonomic}
    uintx NonNMethodCodeHeapSize                   = 5839372                                {pd product} {ergonomic}
    uintx NonProfiledCodeHeapSize                  = 122909434                              {pd product} {ergonomic}
   size_t OldSize                                  = 70254592                                  {product} {ergonomic}
    uintx ProfiledCodeHeapSize                     = 122909434                              {pd product} {ergonomic}
    uintx ReservedCodeCacheSize                    = 251658240                              {pd product} {ergonomic}
     bool SegmentedCodeCache                       = true                                      {product} {ergonomic}
   size_t SoftMaxHeapSize                          = 1073741824                             {manageable} {ergonomic}
     bool UseCompressedClassPointers               = true                           {product lp64_product} {ergonomic}
     bool UseCompressedOops                        = true                           {product lp64_product} {ergonomic}
     bool UseLargePagesIndividualAllocation        = false                                  {pd product} {ergonomic}
     bool UseParallelGC                            = true                                      {product} {command line}

Logging:
Log output configuration:
 #0: stdout all=off uptime,level,tags
 #1: stderr all=off uptime,level,tags

Environment Variables:
JAVA_HOME=C:\Program Files (x86)\Java\jre1.8.0_201
PATH=C:\Program Files (x86)\Common Files\Oracle\Java\javapath;C:\WINDOWS\system32;C:\WINDOWS;C:\WINDOWS\System32\Wbem;C:\WINDOWS\System32\WindowsPowerShell\v1.0\;C:\WINDOWS\System32\OpenSSH\;C:\Program Files\dotnet\;C:\Program Files (x86)\OpenText\Viewer\bin;C:\Program Files\Microsoft SQL Server\150\Tools\Binn\;C:\Program Files\Microsoft SQL Server\Client SDK\ODBC\170\Tools\Binn\;C:\Program Files\nodejs\;C:\Users\ribeivi\AppData\Local\Microsoft\WindowsApps;C:\Users\ribeivi\AppData\Local\Programs\Microsoft VS Code\bin;C:\Users\ribeivi\AppData\Local\GitHubDesktop\bin;C:\Users\ribeivi\AppData\Roaming\npm;C:\Users\ribeivi\AppData\Local\Programs\Git\cmd;C:\Users\ribeivi\AppData\Local\JetBrains\PyCharm 2023.1.2\bin;
USERNAME=ribeivi
OS=Windows_NT
PROCESSOR_IDENTIFIER=Intel64 Family 6 Model 154 Stepping 4, GenuineIntel
TMP=C:\Users\ribeivi\AppData\Local\Temp
TEMP=C:\Users\ribeivi\AppData\Local\Temp



---------------  S Y S T E M  ---------------

OS:
 Windows 10 , 64 bit Build 19041 (10.0.19041.3155)
OS uptime: 33 days 14:26 hours

CPU: total 12 (initial active 12) (12 cores per cpu, 1 threads per core) family 6 model 154 stepping 4 microcode 0x423, cx8, cmov, fxsr, mmx, 3dnowpref, sse, sse2, sse3, ssse3, sse4.1, sse4.2, popcnt, lzcnt, tsc, tscinvbit, avx, avx2, aes, erms, clmul, bmi1, bmi2, adx, sha, fma, vzeroupper, clflush, clflushopt, clwb
Processor Information for all 12 processors :
  Max Mhz: 1600, Current Mhz: 1600, Mhz Limit: 1600

Memory: 4k page, system-wide physical 16051M (242M free)
TotalPageFile size 65203M (AvailPageFile size 4M)
current process WorkingSet (physical memory assigned to process): 60M, peak: 60M
current process commit charge ("private bytes"): 201M, peak: 201M

vm_info: OpenJDK 64-Bit Server VM (17.0.8.1+1) for windows-amd64 JRE (17.0.8.1+1), built on Aug 23 2023 15:29:17 by "admin" with MS VC++ 16.7 (VS2019)

END.
